Jun 17, 2014 11:57:26 AM com.ecaresoft.taller1.Proceso main
WARNING: Id 1 - Miguel Angel Rojas Aquino
Jun 17, 2014 11:57:26 AM com.ecaresoft.taller1.Proceso main
WARNING: Id 2 - Francisco Omar De la Rosa Palacios
Jun 17, 2014 11:57:26 AM com.ecaresoft.taller1.Proceso main
WARNING: Id 1 - Luis Lopez Hernandez
Jun 17, 2014 11:57:26 AM com.ecaresoft.taller1.Proceso main
WARNING: Cirugia : [ Cirujano : Francisco Omar De la Rosa Palacios | Anestesiologo :  | Paciente : Luis Lopez Hernandez | Fecha : Sin fecha aun ]
Jun 17, 2014 11:57:26 AM com.ecaresoft.taller1.Proceso main
WARNING: Propiedad : apellido2
Jun 17, 2014 11:57:26 AM com.ecaresoft.taller1.Proceso main
WARNING: Propiedad : apellido3
Jun 17, 2014 11:57:26 AM com.ecaresoft.taller1.Proceso main
WARNING: Propiedad : lugarResidencia
Jun 17, 2014 11:57:26 AM com.ecaresoft.taller1.Proceso main
WARNING: Propiedad : lugarNacimiento
Jun 17, 2014 11:57:26 AM com.ecaresoft.taller1.Proceso main
WARNING: Propiedad : apellido1
Jun 17, 2014 11:57:26 AM com.ecaresoft.taller1.Proceso main
WARNING: Propiedad : finado
Jun 17, 2014 11:57:26 AM com.ecaresoft.taller1.Proceso main
WARNING: Propiedad : sexo
Jun 17, 2014 11:57:26 AM com.ecaresoft.taller1.Proceso main
WARNING: Propiedad : class
Jun 17, 2014 11:57:26 AM com.ecaresoft.taller1.Proceso main
WARNING: Propiedad : nombreCompleto
Jun 17, 2014 11:57:26 AM com.ecaresoft.taller1.Proceso main
WARNING: Propiedad : id
Jun 17, 2014 11:57:26 AM com.ecaresoft.taller1.Proceso main
WARNING: Propiedad : nombre2
Jun 17, 2014 11:57:26 AM com.ecaresoft.taller1.Proceso main
WARNING: Propiedad : nombre1
Jun 17, 2014 11:57:26 AM com.ecaresoft.taller1.Proceso main
WARNING: Propiedad : nombre3
Jun 17, 2014 11:57:26 AM com.ecaresoft.taller1.Proceso main
WARNING: Propiedad : fechNac
